<?xml version="1.0" encoding="UTF-8"?>
<testsuite name="com.bl.parkinglot.ParkingLotSystemTest" tests="14" skipped="0" failures="0" errors="0" timestamp="2020-05-30T16:42:02" hostname="DESKTOP-JEVG340" time="0.059">
  <properties/>
  <testcase name="givenParkingLotStatus_WhenParkingLotIsFull_ShouldInformTheOwner" classname="com.bl.parkinglot.ParkingLotSystemTest" time="0.007"/>
  <testcase name="givenHandicapDriverVehicle_WhenVehicleParkedNearestPlace_ShouldReturnTrue" classname="com.bl.parkinglot.ParkingLotSystemTest" time="0.018"/>
  <testcase name="givenAVehicleAndParkedTime_WhenVehicleIsParked_ShouldReturnTrue" classname="com.bl.parkinglot.ParkingLotSystemTest" time="0.002"/>
  <testcase name="givenAVehicle_WhenParked_ShouldReturnTrue" classname="com.bl.parkinglot.ParkingLotSystemTest" time="0.0"/>
  <testcase name="givenCapacity_WhenCapacityIs2_ShouldBeAbleToPark2Vehicle" classname="com.bl.parkinglot.ParkingLotSystemTest" time="0.003"/>
  <testcase name="givenVehicleList_WhenVehicleParkedEvenly_ShouldReturnTrue" classname="com.bl.parkinglot.ParkingLotSystemTest" time="0.001"/>
  <testcase name="givenParkingLotStatus_WhenParkingLotIsFull_ShouldInformTheAirportSecurity" classname="com.bl.parkinglot.ParkingLotSystemTest" time="0.015"/>
  <testcase name="givenAVehicle_WhenUnParked_ShouldReturnTrue" classname="com.bl.parkinglot.ParkingLotSystemTest" time="0.0"/>
  <testcase name="givenAVehicle_WhenUnParkAfterParkingLotIsEmpty_ShouldReturnThrowException" classname="com.bl.parkinglot.ParkingLotSystemTest" time="0.0"/>
  <testcase name="givenVehicle_WhenVehicleIsFound_ShouldReturnTrue" classname="com.bl.parkinglot.ParkingLotSystemTest" time="0.001"/>
  <testcase name="givenAVehicle_WhenParkedAfterParkingLotFull_ShouldReturnThrowException" classname="com.bl.parkinglot.ParkingLotSystemTest" time="0.001"/>
  <testcase name="givenVehicleWithPosition_WhenParkedByPosition_ShouldReturnTrue" classname="com.bl.parkinglot.ParkingLotSystemTest" time="0.0"/>
  <testcase name="givenAVehicle_WhenAlreadyParked_ShouldReturnThrowException" classname="com.bl.parkinglot.ParkingLotSystemTest" time="0.001"/>
  <testcase name="givenParkingLotStatus_WhenParkingLotHasSpaceAgain_ShouldReturnTrue" classname="com.bl.parkinglot.ParkingLotSystemTest" time="0.001"/>
  <system-out><![CDATA[]]></system-out>
  <system-err><![CDATA[]]></system-err>
</testsuite>
