<?xml version="1.0" encoding="UTF-8"?>
<testsuite name="com.bl.parkinglot.ParkingLotSystemTest" tests="1" skipped="0" failures="0" errors="0" timestamp="2020-05-27T16:47:31" hostname="DESKTOP-JEVG340" time="0.022">
  <properties/>
  <testcase name="givenParkingLotStatus_WhenParkingLotIsFull_ShouldInformTheOwner" classname="com.bl.parkinglot.ParkingLotSystemTest" time="0.022"/>
  <system-out><![CDATA[]]></system-out>
  <system-err><![CDATA[]]></system-err>
</testsuite>
