<?xml version="1.0" encoding="UTF-8"?>
<testsuite name="com.bl.parkinglot.ParkingLotSystemTest" tests="1" skipped="0" failures="0" errors="0" timestamp="2020-05-26T17:54:49" hostname="DESKTOP-JEVG340" time="0.004">
  <properties/>
  <testcase name="givenAVehicle_WhenParked_ShouldReturnTrue" classname="com.bl.parkinglot.ParkingLotSystemTest" time="0.004"/>
  <system-out><![CDATA[]]></system-out>
  <system-err><![CDATA[]]></system-err>
</testsuite>
