<?xml version="1.0" encoding="UTF-8"?>
<testsuite name="com.bl.parkinglot.ParkingLotSystemTest" tests="1" skipped="0" failures="0" errors="0" timestamp="2020-05-29T16:49:56" hostname="DESKTOP-JEVG340" time="0.003">
  <properties/>
  <testcase name="givenVehicle_WhenVehicleIsFound_ShouldReturnTrue" classname="com.bl.parkinglot.ParkingLotSystemTest" time="0.003"/>
  <system-out><![CDATA[]]></system-out>
  <system-err><![CDATA[]]></system-err>
</testsuite>
